{
  "stats": {
    "suites": 1,
    "tests": 2,
    "passes": 2,
    "pending": 0,
    "failures": 0,
    "start": "2024-08-13T14:03:16.078Z",
    "end": "2024-08-13T14:03:16.996Z",
    "duration": 918,
    "testsRegistered": 2,
    "passPercent": 100,
    "pendingPercent": 0,
    "other": 0,
    "hasOther": false,
    "skipped": 0,
    "hasSkipped": false
  },
  "results": [
    {
      "uuid": "2956c978-6c9a-4b0a-a153-a921693e973c",
      "title": "",
      "fullFile": "D:\\repo\\digitalSkola\\api-automation-ds-batch5\\test\\test-demo.js",
      "file": "\\test\\test-demo.js",
      "beforeHooks": [],
      "afterHooks": [],
      "tests": [],
      "suites": [
        {
          "uuid": "d7917204-6ab6-49fd-ab23-a11486871b96",
          "title": "API Test for \"restful-api.dev\"",
          "fullFile": "D:\\repo\\digitalSkola\\api-automation-ds-batch5\\test\\test-demo.js",
          "file": "\\test\\test-demo.js",
          "beforeHooks": [],
          "afterHooks": [],
          "tests": [
            {
              "title": "Test - GET All Objects",
              "fullTitle": "API Test for \"restful-api.dev\" Test - GET All Objects",
              "timedOut": false,
              "duration": 690,
              "state": "passed",
              "speed": "slow",
              "pass": true,
              "fail": false,
              "pending": false,
              "context": null,
              "code": "const response = await request(BASE_URL)\n.get(\"objects\")\n// assertion\nassert.equal(response.statusCode, 200)\nassert.equal(response.body[0].name, \"Google Pixel 6 Pro\")\nassert.equal(response.body[0].data.color, \"Cloudy White\")\nexpect(response.statusCode).to.equal(200)",
              "err": {},
              "uuid": "80ee9bfc-983f-45aa-a159-858c9a07092f",
              "parentUUID": "d7917204-6ab6-49fd-ab23-a11486871b96",
              "isHook": false,
              "skipped": false
            },
            {
              "title": "Test - POST Store Object",
              "fullTitle": "API Test for \"restful-api.dev\" Test - POST Store Object",
              "timedOut": false,
              "duration": 210,
              "state": "passed",
              "speed": "slow",
              "pass": true,
              "fail": false,
              "pending": false,
              "context": null,
              "code": "const body = {\n    \"name\": \"Ini Request Dari Automation Test\",\n    \"data\": {\n       \"year\": 2019,\n       \"price\": 1849.99,\n       \"CPU model\": \"Intel Core i9\",\n       \"Hard disk size\": \"1 TB\"\n    }\n }\nconst response = await request(BASE_URL)\n.post(\"objects\")\n.send(body)\n\nconsole.log(response.statusCode);\nconsole.log(response.body)\n// assertion\nshould(response.statusCode === 200)\nconst schemaPath = \"resources/jsonSchema/post-object-schema.json\"\nconst jsonSchema = JSON.parse(fs.readFileSync(schemaPath, 'utf8'))\nassert.jsonSchema(response.body, jsonSchema)",
              "err": {},
              "uuid": "c44ece99-ee40-423f-977e-0e208357e303",
              "parentUUID": "d7917204-6ab6-49fd-ab23-a11486871b96",
              "isHook": false,
              "skipped": false
            }
          ],
          "suites": [],
          "passes": [
            "80ee9bfc-983f-45aa-a159-858c9a07092f",
            "c44ece99-ee40-423f-977e-0e208357e303"
          ],
          "failures": [],
          "pending": [],
          "skipped": [],
          "duration": 900,
          "root": false,
          "rootEmpty": false,
          "_timeout": 2000
        }
      ],
      "passes": [],
      "failures": [],
      "pending": [],
      "skipped": [],
      "duration": 0,
      "root": true,
      "rootEmpty": true,
      "_timeout": 2000
    }
  ],
  "meta": {
    "mocha": {
      "version": "10.4.0"
    },
    "mochawesome": {
      "options": {
        "quiet": false,
        "reportFilename": "mochawesome",
        "saveHtml": true,
        "saveJson": true,
        "consoleReporter": "spec",
        "useInlineDiffs": false,
        "code": true
      },
      "version": "7.1.3"
    },
    "marge": {
      "options": null,
      "version": "6.2.0"
    }
  }
}